c:\users\denre\source\repos\directx11\directx11\debug\vc142.pdb
c:\users\denre\source\repos\directx11\directx11\debug\vc142.idb
c:\users\denre\source\repos\directx11\directx11\debug\main.obj
c:\users\denre\source\repos\directx11\directx11\debug\dxmanager.obj
c:\users\denre\source\repos\directx11\directx11\debug\dxfw.obj
c:\users\denre\source\repos\directx11\directx11\debug\graphics.obj
c:\users\denre\source\repos\directx11\directx11\debug\engine.obj
c:\users\denre\source\repos\directx11\directx11\debug\textureshader.obj
c:\users\denre\source\repos\directx11\directx11\debug\shader.obj
c:\users\denre\source\repos\directx11\directx11\debug\vertexbuffer.obj
c:\users\denre\source\repos\directx11\directx11\debug\texture.obj
c:\users\denre\source\repos\directx11\directx11\debug\sprite.obj
c:\users\denre\source\repos\directx11\directx11\debug\timer.obj
c:\users\denre\source\repos\directx11\directx11\debug\animatedsprite.obj
c:\users\denre\source\repos\directx11\directx11\debug\resourcetexture.obj
c:\users\denre\source\repos\directx11\directx11\debug\resourceshader.obj
c:\users\denre\source\repos\directx11\directx11\debug\resourcemanager.obj
c:\users\denre\source\repos\directx11\directx11\debug\entity.obj
c:\users\denre\source\repos\directx11\directx11\debug\de_timer.obj
c:\users\denre\source\repos\directx11\directx11\debug\entitymanager.obj
c:\users\denre\source\repos\directx11\directx11\debug\input.obj
c:\users\denre\source\repos\directx11\directx11\debug\gamescene.obj
c:\users\denre\source\repos\directx11\directx11\debug\gamecomponent.obj
c:\users\denre\source\repos\directx11\debug\directx11.exe
c:\users\denre\source\repos\directx11\debug\directx11.ilk
c:\users\denre\source\repos\directx11\debug\directx11.pdb
c:\users\denre\source\repos\directx11\directx11\debug\engine.obj.enc
c:\users\denre\source\repos\directx11\directx11\debug\shader.obj.enc
c:\users\denre\source\repos\directx11\directx11\debug\directx11.tlog\cl.command.1.tlog
c:\users\denre\source\repos\directx11\directx11\debug\directx11.tlog\cl.read.1.tlog
c:\users\denre\source\repos\directx11\directx11\debug\directx11.tlog\cl.write.1.tlog
c:\users\denre\source\repos\directx11\directx11\debug\directx11.tlog\link-cvtres.read.1.tlog
c:\users\denre\source\repos\directx11\directx11\debug\directx11.tlog\link-cvtres.write.1.tlog
c:\users\denre\source\repos\directx11\directx11\debug\directx11.tlog\link-rc.read.1.tlog
c:\users\denre\source\repos\directx11\directx11\debug\directx11.tlog\link-rc.write.1.tlog
c:\users\denre\source\repos\directx11\directx11\debug\directx11.tlog\link.2436-cvtres.read.1.tlog
c:\users\denre\source\repos\directx11\directx11\debug\directx11.tlog\link.2436-cvtres.write.1.tlog
c:\users\denre\source\repos\directx11\directx11\debug\directx11.tlog\link.2436-rc.read.1.tlog
c:\users\denre\source\repos\directx11\directx11\debug\directx11.tlog\link.2436-rc.write.1.tlog
c:\users\denre\source\repos\directx11\directx11\debug\directx11.tlog\link.2436.read.1.tlog
c:\users\denre\source\repos\directx11\directx11\debug\directx11.tlog\link.2436.write.1.tlog
c:\users\denre\source\repos\directx11\directx11\debug\directx11.tlog\link.command.1.tlog
c:\users\denre\source\repos\directx11\directx11\debug\directx11.tlog\link.read.1.tlog
c:\users\denre\source\repos\directx11\directx11\debug\directx11.tlog\link.write.1.tlog
