  AddFunc.cpp
  AppMgr.cpp
C:\Users\denre\source\repos\DirectX11\NewDXFW\NewDXFW\Shader.h(4,10): fatal error C1083: Не удается открыть файл включение: D3DX10math.h: No such file or directory,
  Config.cpp
  DebugFunc.cpp
C:\Users\denre\source\repos\DirectX11\NewDXFW\NewDXFW\DebugFunc.cpp(55,38): error C2664: "int MessageBoxW(HWND,LPCWSTR,LPCWSTR,UINT)": невозможно преобразовать аргумент 2 из "char [512]" в "LPCWSTR"
C:\Users\denre\source\repos\DirectX11\NewDXFW\NewDXFW\DebugFunc.cpp(55,25): message : Типы, на которые указывают указатели, не связаны; для преобразования требуется reinterpret_cast, приведение в стиле С или приведение в стиле функции
C:\Program Files (x86)\Windows Kits\10\Include\10.0.18362.0\um\winuser.h(9153,1): message : см. объявление "MessageBoxW"
  de_timer.cpp
  DXManager.cpp
C:\Users\denre\source\repos\DirectX11\NewDXFW\NewDXFW\DXManager.cpp(80,23): warning C4018: <: несоответствие типов со знаком и без знака
C:\Users\denre\source\repos\DirectX11\NewDXFW\NewDXFW\DXManager.cpp(110,21): error C2664: "errno_t wcstombs_s(size_t *,char *,size_t,const wchar_t *,size_t)": невозможно преобразовать аргумент 1 из "unsigned int *" в "size_t *"
C:\Users\denre\source\repos\DirectX11\NewDXFW\NewDXFW\DXManager.cpp(110,33): message : Типы, на которые указывают указатели, не связаны; для преобразования требуется reinterpret_cast, приведение в стиле С или приведение в стиле функции
C:\Program Files (x86)\Windows Kits\10\Include\10.0.18362.0\ucrt\stdlib.h(999,26): message : см. объявление "wcstombs_s"
  Engine.cpp
C:\Users\denre\source\repos\DirectX11\NewDXFW\NewDXFW\Shader.h(4,10): fatal error C1083: Не удается открыть файл включение: D3DX10math.h: No such file or directory,
  Graphics.cpp
  main.cpp
C:\Users\denre\source\repos\DirectX11\NewDXFW\NewDXFW\Shader.h(4,10): fatal error C1083: Не удается открыть файл включение: D3DX10math.h: No such file or directory,
  Rectangle.cpp
C:\Users\denre\source\repos\DirectX11\NewDXFW\NewDXFW\VertexBuffer.h(4,10): fatal error C1083: Не удается открыть файл включение: xnamath.h: No such file or directory,
  Shader.cpp
C:\Users\denre\source\repos\DirectX11\NewDXFW\NewDXFW\Shader.h(4,10): fatal error C1083: Не удается открыть файл включение: D3DX10math.h: No such file or directory,
  Shaders.cpp
C:\Users\denre\source\repos\DirectX11\NewDXFW\NewDXFW\Shaders.h(3,10): fatal error C1083: Не удается открыть файл включение: D3DX11async.h: No such file or directory,
  Sprite.cpp
C:\Users\denre\source\repos\DirectX11\NewDXFW\NewDXFW\VertexBuffer.h(4,10): fatal error C1083: Не удается открыть файл включение: xnamath.h: No such file or directory,
  Texture.cpp
C:\Users\denre\source\repos\DirectX11\NewDXFW\NewDXFW\Texture.h(4,10): fatal error C1083: Не удается открыть файл включение: D3DX11tex.h: No such file or directory,
  WinManager.cpp
C:\Users\denre\source\repos\DirectX11\NewDXFW\NewDXFW\WinManager.cpp(24,28): error C2440: =: невозможно преобразовать "const char *" в "LPCWSTR"
C:\Users\denre\source\repos\DirectX11\NewDXFW\NewDXFW\WinManager.cpp(24,23): message : Типы, на которые указывают указатели, не связаны; для преобразования требуется reinterpret_cast, приведение в стиле С или приведение в стиле функции
C:\Users\denre\source\repos\DirectX11\NewDXFW\NewDXFW\WinManager.cpp(60,11): error C2664: "HWND CreateWindowExW(DWORD,LPCWSTR,LPCWSTR,DWORD,int,int,int,int,HWND,HMENU,HINSTANCE,LPVOID)": невозможно преобразовать аргумент 2 из "const char *" в "LPCWSTR"
C:\Users\denre\source\repos\DirectX11\NewDXFW\NewDXFW\WinManager.cpp(60,44): message : Типы, на которые указывают указатели, не связаны; для преобразования требуется reinterpret_cast, приведение в стиле С или приведение в стиле функции
C:\Program Files (x86)\Windows Kits\10\Include\10.0.18362.0\um\winuser.h(4436,1): message : см. объявление "CreateWindowExW"
C:\Users\denre\source\repos\DirectX11\NewDXFW\NewDXFW\WinManager.cpp(138,42): error C2664: "BOOL UnregisterClassW(LPCWSTR,HINSTANCE)": невозможно преобразовать аргумент 1 из "char *" в "LPCWSTR"
C:\Users\denre\source\repos\DirectX11\NewDXFW\NewDXFW\WinManager.cpp(138,20): message : Типы, на которые указывают указатели, не связаны; для преобразования требуется reinterpret_cast, приведение в стиле С или приведение в стиле функции
C:\Program Files (x86)\Windows Kits\10\Include\10.0.18362.0\um\winuser.h(4310,1): message : см. объявление "UnregisterClassW"
  Создание кода...
