  DXFW.cpp
C:\Users\denre\source\repos\DirectX11\DirectX11\DXFW.cpp(23,49): error C2664: "BOOL UnregisterClassW(LPCWSTR,HINSTANCE)": невозможно преобразовать аргумент 1 из "char *" в "LPCWSTR"
C:\Users\denre\source\repos\DirectX11\DirectX11\DXFW.cpp(23,19): message : Типы, на которые указывают указатели, не связаны; для преобразования требуется reinterpret_cast, приведение в стиле С или приведение в стиле функции
C:\Program Files (x86)\Windows Kits\10\Include\10.0.18362.0\um\winuser.h(4310,1): message : см. объявление "UnregisterClassW"
C:\Users\denre\source\repos\DirectX11\DirectX11\DXFW.cpp(79,38): error C2440: =: невозможно преобразовать "char *" в "LPCWSTR"
C:\Users\denre\source\repos\DirectX11\DirectX11\DXFW.cpp(79,21): message : Типы, на которые указывают указатели, не связаны; для преобразования требуется reinterpret_cast, приведение в стиле С или приведение в стиле функции
C:\Users\denre\source\repos\DirectX11\DirectX11\DXFW.cpp(84,67): error C2664: "int MessageBoxW(HWND,LPCWSTR,LPCWSTR,UINT)": невозможно преобразовать аргумент 2 из "const char [26]" в "LPCWSTR"
C:\Users\denre\source\repos\DirectX11\DirectX11\DXFW.cpp(84,24): message : Типы, на которые указывают указатели, не связаны; для преобразования требуется reinterpret_cast, приведение в стиле С или приведение в стиле функции
C:\Program Files (x86)\Windows Kits\10\Include\10.0.18362.0\um\winuser.h(9153,1): message : см. объявление "MessageBoxW"
C:\Users\denre\source\repos\DirectX11\DirectX11\DXFW.cpp(113,9): error C2664: "HWND CreateWindowExW(DWORD,LPCWSTR,LPCWSTR,DWORD,int,int,int,int,HWND,HMENU,HINSTANCE,LPVOID)": невозможно преобразовать аргумент 2 из "const char *" в "LPCWSTR"
C:\Users\denre\source\repos\DirectX11\DirectX11\DXFW.cpp(113,42): message : Типы, на которые указывают указатели, не связаны; для преобразования требуется reinterpret_cast, приведение в стиле С или приведение в стиле функции
C:\Program Files (x86)\Windows Kits\10\Include\10.0.18362.0\um\winuser.h(4436,1): message : см. объявление "CreateWindowExW"
C:\Users\denre\source\repos\DirectX11\DirectX11\DXFW.cpp(118,66): error C2664: "int MessageBoxW(HWND,LPCWSTR,LPCWSTR,UINT)": невозможно преобразовать аргумент 2 из "const char [25]" в "LPCWSTR"
C:\Users\denre\source\repos\DirectX11\DirectX11\DXFW.cpp(118,24): message : Типы, на которые указывают указатели, не связаны; для преобразования требуется reinterpret_cast, приведение в стиле С или приведение в стиле функции
C:\Program Files (x86)\Windows Kits\10\Include\10.0.18362.0\um\winuser.h(9153,1): message : см. объявление "MessageBoxW"
C:\Users\denre\source\repos\DirectX11\DirectX11\DXFW.cpp(127,68): error C2664: "int MessageBoxW(HWND,LPCWSTR,LPCWSTR,UINT)": невозможно преобразовать аргумент 2 из "const char [30]" в "LPCWSTR"
C:\Users\denre\source\repos\DirectX11\DirectX11\DXFW.cpp(127,21): message : Типы, на которые указывают указатели, не связаны; для преобразования требуется reinterpret_cast, приведение в стиле С или приведение в стиле функции
C:\Program Files (x86)\Windows Kits\10\Include\10.0.18362.0\um\winuser.h(9153,1): message : см. объявление "MessageBoxW"
C:\Users\denre\source\repos\DirectX11\DirectX11\DXFW.cpp(131,50): error C2664: "BOOL UnregisterClassW(LPCWSTR,HINSTANCE)": невозможно преобразовать аргумент 1 из "char *" в "LPCWSTR"
C:\Users\denre\source\repos\DirectX11\DirectX11\DXFW.cpp(131,20): message : Типы, на которые указывают указатели, не связаны; для преобразования требуется reinterpret_cast, приведение в стиле С или приведение в стиле функции
C:\Program Files (x86)\Windows Kits\10\Include\10.0.18362.0\um\winuser.h(4310,1): message : см. объявление "UnregisterClassW"
  DXManager.cpp
C:\Users\denre\source\repos\DirectX11\DirectX11\DXManager.cpp(87,23): warning C4018: <: несоответствие типов со знаком и без знака
C:\Users\denre\source\repos\DirectX11\DirectX11\DXManager.cpp(114,97): error C2664: "errno_t wcstombs_s(size_t *,char *,size_t,const wchar_t *,size_t)": невозможно преобразовать аргумент 1 из "unsigned int *" в "size_t *"
C:\Users\denre\source\repos\DirectX11\DirectX11\DXManager.cpp(114,25): message : Типы, на которые указывают указатели, не связаны; для преобразования требуется reinterpret_cast, приведение в стиле С или приведение в стиле функции
C:\Program Files (x86)\Windows Kits\10\Include\10.0.18362.0\ucrt\stdlib.h(999,26): message : см. объявление "wcstombs_s"
  Engine.cpp
  Graphics.cpp
  main.cpp
  Shader.cpp
C:\Users\denre\source\repos\DirectX11\DirectX11\Shader.h(4,10): fatal error C1083: Не удается открыть файл включение: D3DX10math.h: No such file or directory,
  Создание кода...
