c:\users\denre\source\repos\directx11\newdxfw\newdxfw\debug\vc142.pdb
c:\users\denre\source\repos\directx11\newdxfw\newdxfw\debug\vc142.idb
c:\users\denre\source\repos\directx11\newdxfw\newdxfw\debug\winmanager.obj
c:\users\denre\source\repos\directx11\newdxfw\newdxfw\debug\texture.obj
c:\users\denre\source\repos\directx11\newdxfw\newdxfw\debug\structure_data.obj
c:\users\denre\source\repos\directx11\newdxfw\newdxfw\debug\sprite.obj
c:\users\denre\source\repos\directx11\newdxfw\newdxfw\debug\shaders.obj
c:\users\denre\source\repos\directx11\newdxfw\newdxfw\debug\shader.obj
c:\users\denre\source\repos\directx11\newdxfw\newdxfw\debug\rectangle.obj
c:\users\denre\source\repos\directx11\newdxfw\newdxfw\debug\main.obj
c:\users\denre\source\repos\directx11\newdxfw\newdxfw\debug\graphics.obj
c:\users\denre\source\repos\directx11\newdxfw\newdxfw\debug\engine.obj
c:\users\denre\source\repos\directx11\newdxfw\newdxfw\debug\dxmanager.obj
c:\users\denre\source\repos\directx11\newdxfw\newdxfw\debug\de_timer.obj
c:\users\denre\source\repos\directx11\newdxfw\newdxfw\debug\debugfunc.obj
c:\users\denre\source\repos\directx11\newdxfw\newdxfw\debug\config.obj
c:\users\denre\source\repos\directx11\newdxfw\newdxfw\debug\camera.obj
c:\users\denre\source\repos\directx11\newdxfw\newdxfw\debug\appmgr.obj
c:\users\denre\source\repos\directx11\newdxfw\newdxfw\debug\addfunc.obj
c:\users\denre\source\repos\directx11\newdxfw\debug\newdxfw.exe
c:\users\denre\source\repos\directx11\newdxfw\debug\newdxfw.ilk
c:\users\denre\source\repos\directx11\newdxfw\debug\newdxfw.pdb
c:\users\denre\source\repos\directx11\newdxfw\newdxfw\debug\newdxfw.tlog\cl.command.1.tlog
c:\users\denre\source\repos\directx11\newdxfw\newdxfw\debug\newdxfw.tlog\cl.read.1.tlog
c:\users\denre\source\repos\directx11\newdxfw\newdxfw\debug\newdxfw.tlog\cl.write.1.tlog
c:\users\denre\source\repos\directx11\newdxfw\newdxfw\debug\newdxfw.tlog\link.command.1.tlog
c:\users\denre\source\repos\directx11\newdxfw\newdxfw\debug\newdxfw.tlog\link.read.1.tlog
c:\users\denre\source\repos\directx11\newdxfw\newdxfw\debug\newdxfw.tlog\link.write.1.tlog
